<?xml version="1.0" encoding="UTF-8"?>
<testsuite name="ru.testqa.novotelecom.addressbook.tests.GroupModificationTests" tests="1" skipped="0" failures="0" errors="0" timestamp="2018-03-13T03:43:38" hostname="nt-07" time="2.155">
  <properties/>
  <testcase name="testGroupModification" classname="ru.testqa.novotelecom.addressbook.tests.GroupModificationTests" time="2.155"/>
  <system-out><![CDATA[]]></system-out>
  <system-err><![CDATA[]]></system-err>
</testsuite>
