<?xml version="1.0" encoding="UTF-8"?>
<testsuite name="ru.testqa.novotelecom.addressbook.tests.ContactPhoneTests" tests="1" skipped="0" failures="0" errors="0" timestamp="2018-03-13T03:42:35" hostname="nt-07" time="0.306">
  <properties/>
  <testcase name="testContactPhones" classname="ru.testqa.novotelecom.addressbook.tests.ContactPhoneTests" time="0.306"/>
  <system-out><![CDATA[]]></system-out>
  <system-err><![CDATA[]]></system-err>
</testsuite>
