<?xml version="1.0" encoding="UTF-8"?>
<testsuite name="ru.testqa.novotelecom.addressbook.tests.ContactAddressTests" tests="1" skipped="0" failures="0" errors="0" timestamp="2018-03-13T03:42:35" hostname="nt-07" time="0.323">
  <properties/>
  <testcase name="testContactAddress" classname="ru.testqa.novotelecom.addressbook.tests.ContactAddressTests" time="0.323"/>
  <system-out><![CDATA[]]></system-out>
  <system-err><![CDATA[]]></system-err>
</testsuite>
